<?xml version="1.0" encoding="UTF-8"?>
<!-- Generated by org.testng.reporters.JUnitXMLReporter -->
<testsuite hostname="mukta" ignored="0" name="Surefire test" tests="3" failures="0" timestamp="2021-01-31T19:13:53 IST" time="0.103" errors="0">
  <testcase name="methodOneTest" time="0.01" classname="integrationDemo.integration1.FirstTest"/>
  <testcase name="methodtwotest" time="0.0" classname="integrationDemo.integration1.SecondTest"/>
  <testcase name="methodthreetest" time="0.001" classname="integrationDemo.integration1.ThirdTest"/>
</testsuite> <!-- Surefire test -->
